#
# A fatal error has been detected by the Java Runtime Environment:
#
#  EXCEPTION_ACCESS_VIOLATION (0xc0000005) at pc=0x00000000648dfb60, pid=8384, tid=0x00000000000020fc
#
# JRE version: Java(TM) SE Runtime Environment (8.0_121-b13) (build 1.8.0_121-b13)
# Java VM: Java HotSpot(TM) 64-Bit Server VM (25.121-b13 mixed mode windows-amd64 compressed oops)
# Problematic frame:
# V  [jvm.dll+0xafb60]
#
# Failed to write core dump. Minidumps are not enabled by default on client versions of Windows
#
# If you would like to submit a bug report, please visit:
#   http://bugreport.java.com/bugreport/crash.jsp
#

---------------  T H R E A D  ---------------

Current thread (0x00000000026e9800):  GCTaskThread [stack: 0x0000000012440000,0x0000000012540000] [id=8444]

siginfo: ExceptionCode=0xc0000005, reading address 0x0000000000000008

Registers:
RAX=0x0000000000000001, RBX=0x00000000df2c1710, RCX=0x00000000df2c1710, RDX=0x0000000000000000
RSP=0x000000001253f448, RBP=0x0000000011c82681, RSI=0x0000000017335380, RDI=0x000000009f2d0008
R8 =0x0000000017335380, R9 =0x0000000000000004, R10=0x000000000000000c, R11=0x000000000000000c
R12=0x0000000011c82601, R13=0x0000000920000005, R14=0x0000000000000000, R15=0x00000000026e1b20
RIP=0x00000000648dfb60, EFLAGS=0x0000000000010246

Top of Stack: (sp=0x000000001253f448)
0x000000001253f448:   0000000064c30ab2 00000000db93f078
0x000000001253f458:   0000000000000002 0000000017335380
0x000000001253f468:   00000000e91da330 00000000f0c28000
0x000000001253f478:   0000000000001000 0000000000004b6d
0x000000001253f488:   000000006504b750 0000000000000000
0x000000001253f498:   0000000017335300 0000000011c82601
0x000000001253f4a8:   0000000064c30e20 000000009f2c1654
0x000000001253f4b8:   0000000011c82681 0000000017335380
0x000000001253f4c8:   000000009f2d0008 000000009f2c1654
0x000000001253f4d8:   0000000064c319c5 0000000000000007
0x000000001253f4e8:   00007ffcc7ac75ff 000000001253f598
0x000000001253f4f8:   000000000d934baa 000000000d934ba3
0x000000001253f508:   0000000064c2d535 0000000000000000
0x000000001253f518:   0000000064945187 0000000017335380
0x000000001253f528:   0000000064943393 000000009f2c1655
0x000000001253f538:   000000009f2c1655 000000009ef443c0 

Instructions: (pc=0x00000000648dfb60)
0x00000000648dfb40:   ac b8 1d 00 48 8b 9c 24 d0 00 00 00 48 81 c4 c0
0x00000000648dfb50:   00 00 00 5d c3 cc cc cc cc cc cc cc cc cc cc cc
0x00000000648dfb60:   44 8b 42 08 4c 8b ca 45 85 c0 7e 0e 41 f6 c0 01
0x00000000648dfb70:   75 57 41 c1 f8 03 41 8b c0 c3 79 4d 80 3d ee c7 


Register to memory mapping:

RAX=0x0000000000000001 is an unknown value
RBX=0x00000000df2c1710 is an oop

[error occurred during error reporting (printing register info), id 0xc0000005]

Stack: [0x0000000012440000,0x0000000012540000],  sp=0x000000001253f448,  free space=1021k
Native frames: (J=compiled Java code, j=interpreted, Vv=VM code, C=native code)
V  [jvm.dll+0xafb60]


---------------  P R O C E S S  ---------------

Java Threads: ( => current thread )
  0x0000000018ce6000 JavaThread "Service Thread" daemon [_thread_blocked, id=2852, stack(0x00000000190c0000,0x00000000191c0000)]
  0x00000000173c4000 JavaThread "C1 CompilerThread2" daemon [_thread_blocked, id=4820, stack(0x0000000018bc0000,0x0000000018cc0000)]
  0x00000000173c1000 JavaThread "C2 CompilerThread1" daemon [_thread_blocked, id=7124, stack(0x0000000018ac0000,0x0000000018bc0000)]
  0x000000001736c800 JavaThread "C2 CompilerThread0" daemon [_thread_blocked, id=8540, stack(0x00000000189c0000,0x0000000018ac0000)]
  0x000000001736a800 JavaThread "Attach Listener" daemon [_thread_blocked, id=1376, stack(0x00000000188c0000,0x00000000189c0000)]
  0x0000000017369000 JavaThread "Signal Dispatcher" daemon [_thread_blocked, id=10144, stack(0x00000000187c0000,0x00000000188c0000)]
  0x000000001735a000 JavaThread "Finalizer" daemon [_thread_blocked, id=5884, stack(0x00000000185d0000,0x00000000186d0000)]
  0x00000000027bf000 JavaThread "Reference Handler" daemon [_thread_blocked, id=1688, stack(0x00000000184d0000,0x00000000185d0000)]
  0x00000000026d0800 JavaThread "main" [_thread_blocked, id=8336, stack(0x0000000002500000,0x0000000002600000)]

Other Threads:
  0x0000000017337800 VMThread [stack: 0x00000000183d0000,0x00000000184d0000] [id=2520]
  0x0000000018ceb000 WatcherThread [stack: 0x00000000191c0000,0x00000000192c0000] [id=3200]

=>0x00000000026e9800 (exited) GCTaskThread [stack: 0x0000000012440000,0x0000000012540000] [id=8444]

VM state:at safepoint (normal execution)

VM Mutex/Monitor currently owned by a thread:  ([mutex/lock_event])
[0x0000000000cabfe0] Threads_lock - owner thread: 0x0000000017337800
[0x0000000000cabb60] Heap_lock - owner thread: 0x00000000026d0800

Heap:
 PSYoungGen      total 407040K, used 335671K [0x00000000d5a00000, 0x00000000feb80000, 0x0000000100000000)
  eden space 175616K, 100% used [0x00000000d5a00000,0x00000000e0580000,0x00000000e0580000)
  from space 231424K, 69% used [0x00000000e0580000,0x00000000ea1cde58,0x00000000ee780000)
  to   space 231424K, 20% used [0x00000000f0980000,0x00000000f3848000,0x00000000feb80000)
 ParOldGen       total 1119744K, used 808484K [0x0000000080e00000, 0x00000000c5380000, 0x00000000d5a00000)
  object space 1119744K, 72% used [0x0000000080e00000,0x00000000b238b118,0x00000000c5380000)
 Metaspace       used 2588K, capacity 4564K, committed 4864K, reserved 1056768K
  class space    used 286K, capacity 388K, committed 512K, reserved 1048576K

Card table byte_map: [0x0000000011b90000,0x0000000011f90000] byte_map_base: 0x0000000011789000

Marking Bits: (ParMarkBitMap*) 0x000000006504b6d0
 Begin Bits: [0x0000000012640000, 0x0000000014608000)
 End Bits:   [0x0000000014608000, 0x00000000165d0000)

Polling page: 0x0000000000c80000

CodeCache: size=245760Kb used=1596Kb max_used=1637Kb free=244163Kb
 bounds [0x00000000027d0000, 0x0000000002a40000, 0x00000000117d0000]
 total_blobs=347 nmethods=116 adapters=145
 compilation: enabled

Compilation events (10 events):
Event: 0.309 Thread 0x00000000173c1000  112 %     4       search.IDS::ids @ 110 (1062 bytes)
Event: 0.853 Thread 0x00000000173c4000  113       3       nodes.Node::isSolved (157 bytes)
Event: 0.853 Thread 0x00000000173c4000 nmethod 113 0x000000000290f710 code [0x000000000290f8c0, 0x000000000290fef0]
Event: 0.855 Thread 0x000000001736c800  114       4       nodes.Node::isSolved (157 bytes)
Event: 0.862 Thread 0x000000001736c800 nmethod 114 0x00000000029366d0 code [0x0000000002936820, 0x0000000002936ed8]
Event: 1.027 Thread 0x00000000173c1000 nmethod 112% 0x0000000002940210 code [0x0000000002940740, 0x0000000002947da8]
Event: 1.040 Thread 0x00000000173c4000  115 %     3       search.IDS::ids @ 110 (1062 bytes)
Event: 1.046 Thread 0x00000000173c4000 nmethod 115% 0x000000000294e010 code [0x000000000294ed20, 0x0000000002958e28]
Event: 1.092 Thread 0x000000001736c800  116 %     4       search.IDS::ids @ 110 (1062 bytes)
Event: 1.728 Thread 0x000000001736c800 nmethod 116% 0x000000000295f290 code [0x000000000295f7c0, 0x0000000002966cc8]

GC Heap History (10 events):
Event: 6.127 GC heap after
Heap after GC invocations=18 (full 4):
 PSYoungGen      total 344064K, used 188960K [0x00000000d5a00000, 0x00000000fbc80000, 0x0000000100000000)
  eden space 140288K, 0% used [0x00000000d5a00000,0x00000000d5a00000,0x00000000de300000)
  from space 203776K, 92% used [0x00000000ec200000,0x00000000f7a88010,0x00000000f8900000)
  to   space 228352K, 0% used [0x00000000de300000,0x00000000de300000,0x00000000ec200000)
 ParOldGen       total 779776K, used 506331K [0x0000000080e00000, 0x00000000b0780000, 0x00000000d5a00000)
  object space 779776K, 64% used [0x0000000080e00000,0x000000009fc76e88,0x00000000b0780000)
 Metaspace       used 2588K, capacity 4564K, committed 4864K, reserved 1056768K
  class space    used 286K, capacity 388K, committed 512K, reserved 1048576K
}
Event: 6.256 GC heap before
{Heap before GC invocations=19 (full 4):
 PSYoungGen      total 344064K, used 329248K [0x00000000d5a00000, 0x00000000fbc80000, 0x0000000100000000)
  eden space 140288K, 100% used [0x00000000d5a00000,0x00000000de300000,0x00000000de300000)
  from space 203776K, 92% used [0x00000000ec200000,0x00000000f7a88010,0x00000000f8900000)
  to   space 228352K, 0% used [0x00000000de300000,0x00000000de300000,0x00000000ec200000)
 ParOldGen       total 779776K, used 506331K [0x0000000080e00000, 0x00000000b0780000, 0x00000000d5a00000)
  object space 779776K, 64% used [0x0000000080e00000,0x000000009fc76e88,0x00000000b0780000)
 Metaspace       used 2588K, capacity 4564K, committed 4864K, reserved 1056768K
  class space    used 286K, capacity 388K, committed 512K, reserved 1048576K
Event: 6.408 GC heap after
Heap after GC invocations=19 (full 4):
 PSYoungGen      total 368640K, used 228320K [0x00000000d5a00000, 0x00000000fc980000, 0x0000000100000000)
  eden space 140288K, 0% used [0x00000000d5a00000,0x00000000d5a00000,0x00000000de300000)
  from space 228352K, 99% used [0x00000000de300000,0x00000000ec1f8020,0x00000000ec200000)
  to   space 231424K, 0% used [0x00000000ee780000,0x00000000ee780000,0x00000000fc980000)
 ParOldGen       total 779776K, used 551707K [0x0000000080e00000, 0x00000000b0780000, 0x00000000d5a00000)
  object space 779776K, 70% used [0x0000000080e00000,0x00000000a28c6e88,0x00000000b0780000)
 Metaspace       used 2588K, capacity 4564K, committed 4864K, reserved 1056768K
  class space    used 286K, capacity 388K, committed 512K, reserved 1048576K
}
Event: 6.525 GC heap before
{Heap before GC invocations=20 (full 4):
 PSYoungGen      total 368640K, used 368608K [0x00000000d5a00000, 0x00000000fc980000, 0x0000000100000000)
  eden space 140288K, 100% used [0x00000000d5a00000,0x00000000de300000,0x00000000de300000)
  from space 228352K, 99% used [0x00000000de300000,0x00000000ec1f8020,0x00000000ec200000)
  to   space 231424K, 0% used [0x00000000ee780000,0x00000000ee780000,0x00000000fc980000)
 ParOldGen       total 779776K, used 551707K [0x0000000080e00000, 0x00000000b0780000, 0x00000000d5a00000)
  object space 779776K, 70% used [0x0000000080e00000,0x00000000a28c6e88,0x00000000b0780000)
 Metaspace       used 2588K, capacity 4564K, committed 4864K, reserved 1056768K
  class space    used 286K, capacity 388K, committed 512K, reserved 1048576K
Event: 6.702 GC heap after
Heap after GC invocations=20 (full 4):
 PSYoungGen      total 407040K, used 231392K [0x00000000d5a00000, 0x00000000fcd80000, 0x0000000100000000)
  eden space 175616K, 0% used [0x00000000d5a00000,0x00000000d5a00000,0x00000000e0580000)
  from space 231424K, 99% used [0x00000000ee780000,0x00000000fc978020,0x00000000fc980000)
  to   space 231424K, 0% used [0x00000000e0580000,0x00000000e0580000,0x00000000ee780000)
 ParOldGen       total 779776K, used 626483K [0x0000000080e00000, 0x00000000b0780000, 0x00000000d5a00000)
  object space 779776K, 80% used [0x0000000080e00000,0x00000000a71cce88,0x00000000b0780000)
 Metaspace       used 2588K, capacity 4564K, committed 4864K, reserved 1056768K
  class space    used 286K, capacity 388K, committed 512K, reserved 1048576K
}
Event: 6.855 GC heap before
{Heap before GC invocations=21 (full 4):
 PSYoungGen      total 407040K, used 407008K [0x00000000d5a00000, 0x00000000fcd80000, 0x0000000100000000)
  eden space 175616K, 100% used [0x00000000d5a00000,0x00000000e0580000,0x00000000e0580000)
  from space 231424K, 99% used [0x00000000ee780000,0x00000000fc978020,0x00000000fc980000)
  to   space 231424K, 0% used [0x00000000e0580000,0x00000000e0580000,0x00000000ee780000)
 ParOldGen       total 779776K, used 626483K [0x0000000080e00000, 0x00000000b0780000, 0x00000000d5a00000)
  object space 779776K, 80% used [0x0000000080e00000,0x00000000a71cce88,0x00000000b0780000)
 Metaspace       used 2588K, capacity 4564K, committed 4864K, reserved 1056768K
  class space    used 286K, capacity 388K, committed 512K, reserved 1048576K
Event: 7.063 GC heap after
Heap after GC invocations=21 (full 4):
 PSYoungGen      total 407040K, used 231392K [0x00000000d5a00000, 0x00000000feb80000, 0x0000000100000000)
  eden space 175616K, 0% used [0x00000000d5a00000,0x00000000d5a00000,0x00000000e0580000)
  from space 231424K, 99% used [0x00000000e0580000,0x00000000ee778010,0x00000000ee780000)
  to   space 231424K, 0% used [0x00000000f0980000,0x00000000f0980000,0x00000000feb80000)
 ParOldGen       total 779776K, used 722755K [0x0000000080e00000, 0x00000000b0780000, 0x00000000d5a00000)
  object space 779776K, 92% used [0x0000000080e00000,0x00000000acfd0e98,0x00000000b0780000)
 Metaspace       used 2588K, capacity 4564K, committed 4864K, reserved 1056768K
  class space    used 286K, capacity 388K, committed 512K, reserved 1048576K
}
Event: 7.063 GC heap before
{Heap before GC invocations=22 (full 5):
 PSYoungGen      total 407040K, used 231392K [0x00000000d5a00000, 0x00000000feb80000, 0x0000000100000000)
  eden space 175616K, 0% used [0x00000000d5a00000,0x00000000d5a00000,0x00000000e0580000)
  from space 231424K, 99% used [0x00000000e0580000,0x00000000ee778010,0x00000000ee780000)
  to   space 231424K, 0% used [0x00000000f0980000,0x00000000f0980000,0x00000000feb80000)
 ParOldGen       total 779776K, used 722755K [0x0000000080e00000, 0x00000000b0780000, 0x00000000d5a00000)
  object space 779776K, 92% used [0x0000000080e00000,0x00000000acfd0e98,0x00000000b0780000)
 Metaspace       used 2588K, capacity 4564K, committed 4864K, reserved 1056768K
  class space    used 286K, capacity 388K, committed 512K, reserved 1048576K
Event: 9.271 GC heap after
Heap after GC invocations=22 (full 5):
 PSYoungGen      total 407040K, used 160055K [0x00000000d5a00000, 0x00000000feb80000, 0x0000000100000000)
  eden space 175616K, 0% used [0x00000000d5a00000,0x00000000d5a00000,0x00000000e0580000)
  from space 231424K, 69% used [0x00000000e0580000,0x00000000ea1cde58,0x00000000ee780000)
  to   space 231424K, 0% used [0x00000000f0980000,0x00000000f0980000,0x00000000feb80000)
 ParOldGen       total 1119744K, used 779756K [0x0000000080e00000, 0x00000000c5380000, 0x00000000d5a00000)
  object space 1119744K, 69% used [0x0000000080e00000,0x00000000b077b118,0x00000000c5380000)
 Metaspace       used 2588K, capacity 4564K, committed 4864K, reserved 1056768K
  class space    used 286K, capacity 388K, committed 512K, reserved 1048576K
}
Event: 9.418 GC heap before
{Heap before GC invocations=23 (full 5):
 PSYoungGen      total 407040K, used 335671K [0x00000000d5a00000, 0x00000000feb80000, 0x0000000100000000)
  eden space 175616K, 100% used [0x00000000d5a00000,0x00000000e0580000,0x00000000e0580000)
  from space 231424K, 69% used [0x00000000e0580000,0x00000000ea1cde58,0x00000000ee780000)
  to   space 231424K, 0% used [0x00000000f0980000,0x00000000f0980000,0x00000000feb80000)
 ParOldGen       total 1119744K, used 779756K [0x0000000080e00000, 0x00000000c5380000, 0x00000000d5a00000)
  object space 1119744K, 69% used [0x0000000080e00000,0x00000000b077b118,0x00000000c5380000)
 Metaspace       used 2588K, capacity 4564K, committed 4864K, reserved 1056768K
  class space    used 286K, capacity 388K, committed 512K, reserved 1048576K

Deoptimization events (4 events):
Event: 0.105 Thread 0x00000000026d0800 Uncommon trap: reason=predicate action=maybe_recompile pc=0x0000000002902f7c method=nodes.Node.isSolved()Z @ 86
Event: 0.143 Thread 0x00000000026d0800 Uncommon trap: reason=unstable_if action=reinterpret pc=0x000000000290ae38 method=nodes.Node.isSolved()Z @ 92
Event: 0.852 Thread 0x00000000026d0800 Uncommon trap: reason=unstable_if action=reinterpret pc=0x0000000002911734 method=nodes.Node.isSolved()Z @ 140
Event: 1.038 Thread 0x00000000026d0800 Uncommon trap: reason=unstable_if action=reinterpret pc=0x000000000294692c method=nodes.Node.isSolved()Z @ 140

Internal exceptions (2 events):
Event: 0.037 Thread 0x00000000026d0800 Exception <a 'java/lang/NoSuchMethodError': Method sun.misc.Unsafe.defineClass(Ljava/lang/String;[BII)Ljava/lang/Class; name or signature does not match> (0x00000000d5a07ca8) thrown at [C:\re\workspace\8-2-build-windows-amd64-cygwin\jdk8u121\8372\hotspot\
Event: 0.037 Thread 0x00000000026d0800 Exception <a 'java/lang/NoSuchMethodError': Method sun.misc.Unsafe.prefetchRead(Ljava/lang/Object;J)V name or signature does not match> (0x00000000d5a07f90) thrown at [C:\re\workspace\8-2-build-windows-amd64-cygwin\jdk8u121\8372\hotspot\src\share\vm\prims

Events (10 events):
Event: 5.894 Executing VM operation: ParallelGCFailedAllocation done
Event: 5.998 Executing VM operation: ParallelGCFailedAllocation
Event: 6.127 Executing VM operation: ParallelGCFailedAllocation done
Event: 6.256 Executing VM operation: ParallelGCFailedAllocation
Event: 6.408 Executing VM operation: ParallelGCFailedAllocation done
Event: 6.525 Executing VM operation: ParallelGCFailedAllocation
Event: 6.702 Executing VM operation: ParallelGCFailedAllocation done
Event: 6.855 Executing VM operation: ParallelGCFailedAllocation
Event: 9.271 Executing VM operation: ParallelGCFailedAllocation done
Event: 9.418 Executing VM operation: ParallelGCFailedAllocation


Dynamic libraries:
0x00007ff6b5d60000 - 0x00007ff6b5d97000 	C:\Program Files\Java\jre1.8.0_121\bin\javaw.exe
0x00007ffccb230000 - 0x00007ffccb401000 	C:\WINDOWS\SYSTEM32\ntdll.dll
0x00007ffcc8fd0000 - 0x00007ffcc907b000 	C:\WINDOWS\System32\KERNEL32.DLL
0x00007ffcc7ab0000 - 0x00007ffcc7ccd000 	C:\WINDOWS\System32\KERNELBASE.dll
0x00007ffcc94c0000 - 0x00007ffcc9562000 	C:\WINDOWS\System32\ADVAPI32.dll
0x00007ffcc9250000 - 0x00007ffcc92ee000 	C:\WINDOWS\System32\msvcrt.dll
0x00007ffcc91f0000 - 0x00007ffcc9249000 	C:\WINDOWS\System32\sechost.dll
0x00007ffcc8de0000 - 0x00007ffcc8f01000 	C:\WINDOWS\System32\RPCRT4.dll
0x00007ffcc92f0000 - 0x00007ffcc9455000 	C:\WINDOWS\System32\USER32.dll
0x00007ffcc7cd0000 - 0x00007ffcc7cee000 	C:\WINDOWS\System32\win32u.dll
0x00007ffcc8ad0000 - 0x00007ffcc8b04000 	C:\WINDOWS\System32\GDI32.dll
0x00007ffcc7920000 - 0x00007ffcc7aa2000 	C:\WINDOWS\System32\gdi32full.dll
0x00007ffcbf540000 - 0x00007ffcbf7ba000 	C:\WINDOWS\WinSxS\amd64_microsoft.windows.common-controls_6595b64144ccf1df_6.0.14393.953_none_42151e83c686086b\COMCTL32.dll
0x00007ffcc8b10000 - 0x00007ffcc8dd8000 	C:\WINDOWS\System32\combase.dll
0x00007ffcc7700000 - 0x00007ffcc77f5000 	C:\WINDOWS\System32\ucrtbase.dll
0x00007ffcc7800000 - 0x00007ffcc786a000 	C:\WINDOWS\System32\bcryptPrimitives.dll
0x00007ffcc9570000 - 0x00007ffcc959e000 	C:\WINDOWS\System32\IMM32.DLL
0x0000000063790000 - 0x0000000063862000 	C:\Program Files\Java\jre1.8.0_121\bin\msvcr100.dll
0x0000000064830000 - 0x00000000650cb000 	C:\Program Files\Java\jre1.8.0_121\bin\server\jvm.dll
0x00007ffcc9080000 - 0x00007ffcc9088000 	C:\WINDOWS\System32\PSAPI.DLL
0x00007ffcbdb50000 - 0x00007ffcbdb59000 	C:\WINDOWS\SYSTEM32\WSOCK32.dll
0x00007ffcc9bb0000 - 0x00007ffcc9c1a000 	C:\WINDOWS\System32\WS2_32.dll
0x00007ffcc55b0000 - 0x00007ffcc55d3000 	C:\WINDOWS\SYSTEM32\WINMM.dll
0x00007ffcc3ab0000 - 0x00007ffcc3aba000 	C:\WINDOWS\SYSTEM32\VERSION.dll
0x00007ffcc5550000 - 0x00007ffcc557b000 	C:\WINDOWS\SYSTEM32\WINMMBASE.dll
0x00007ffcc8750000 - 0x00007ffcc8792000 	C:\WINDOWS\System32\cfgmgr32.dll
0x0000000064820000 - 0x000000006482f000 	C:\Program Files\Java\jre1.8.0_121\bin\verify.dll
0x00000000647f0000 - 0x0000000064819000 	C:\Program Files\Java\jre1.8.0_121\bin\java.dll
0x00000000647d0000 - 0x00000000647e6000 	C:\Program Files\Java\jre1.8.0_121\bin\zip.dll
0x00007ffcc9d20000 - 0x00007ffccb229000 	C:\WINDOWS\System32\SHELL32.dll
0x00007ffcc7ea0000 - 0x00007ffcc857a000 	C:\WINDOWS\System32\windows.storage.dll
0x00007ffcc76a0000 - 0x00007ffcc76ec000 	C:\WINDOWS\System32\powrprof.dll
0x00007ffcc8810000 - 0x00007ffcc8862000 	C:\WINDOWS\System32\shlwapi.dll
0x00007ffcc7690000 - 0x00007ffcc769f000 	C:\WINDOWS\System32\kernel.appcore.dll
0x00007ffcc7870000 - 0x00007ffcc7919000 	C:\WINDOWS\System32\shcore.dll
0x00007ffcc7670000 - 0x00007ffcc7684000 	C:\WINDOWS\System32\profapi.dll
0x00007ffcb8a20000 - 0x00007ffcb8bb2000 	C:\WINDOWS\SYSTEM32\dbghelp.dll

VM Arguments:
jvm_args: -Dfile.encoding=Cp1252 
java_command: driver.Driver
java_class_path (initial): C:\Users\Bara\workspace\NQueenSearch\bin
Launcher Type: SUN_STANDARD

Environment Variables:
PATH=C:/Program Files/Java/jre1.8.0_121/bin/server;C:/Program Files/Java/jre1.8.0_121/bin;C:/Program Files/Java/jre1.8.0_121/lib/amd64;C:\ProgramData\Oracle\Java\javapath;C:\WINDOWS\system32;C:\WINDOWS;C:\WINDOWS\System32\Wbem;C:\WINDOWS\System32\WindowsPowerShell\v1.0\;C:\ProgramData\chocolatey\bin;C:\Program Files (x86)\Skype\Phone\;C:\Program Files\OpenVPN\bin;C:\Program Files\Git\cmd;C:\Program Files (x86)\sbt\bin;C:\Program Files (x86)\scala\bin;C:\Users\Bara\AppData\Local\Programs\Python\Python35\Scripts\;C:\Users\Bara\AppData\Local\Programs\Python\Python35\;C:\Users\Bara\AppData\Local\Microsoft\WindowsApps;;C:\Program Files (x86)\Microsoft VS Code\bin;C:\WINDOWS\system32;
USERNAME=Bara
OS=Windows_NT
PROCESSOR_IDENTIFIER=Intel64 Family 6 Model 60 Stepping 3, GenuineIntel



---------------  S Y S T E M  ---------------

OS: Windows 10.0 , 64 bit Build 14393 (10.0.14393.0)

CPU:total 4 (4 cores per cpu, 1 threads per core) family 6 model 60 stepping 3, cmov, cx8, fxsr, mmx, sse, sse2, sse3, ssse3, sse4.1, sse4.2, popcnt, avx, avx2, aes, clmul, erms, lzcnt, tsc, tscinvbit, bmi1, bmi2

Memory: 4k page, physical 8331264k(3445948k free), swap 16719872k(9909872k free)

vm_info: Java HotSpot(TM) 64-Bit Server VM (25.121-b13) for windows-amd64 JRE (1.8.0_121-b13), built on Dec 12 2016 18:21:36 by "java_re" with MS VC++ 10.0 (VS2010)

time: Mon Apr 17 21:07:13 2017
elapsed time: 9 seconds (0d 0h 0m 9s)

